<?xml version="1.0" encoding="UTF-8" standalone="no"?>
<!DOCTYPE log SYSTEM "logger.dtd">
<log>
<record>
  <date>2023-07-28T11:11:28.876-0300</date>
  <logger>SERGIO GUSTAVO DE ANDRADE GRILO</logger>
  <level>FINE</level>
  <message>File 122110386-SERGIO GUSTAVO DE ANDRADE GRILO.zip was received. It was sent by SERGIO GUSTAVO DE ANDRADE GRILO from IP 150.165.42.151 at 28-07-2023 11*11*28</message>
</record>
</log>
<?xml version="1.0" encoding="UTF-8" standalone="no"?>
<!DOCTYPE log SYSTEM "logger.dtd">
<log>
<record>
  <date>2023-07-28T11:18:38.351-0300</date>
  <logger>SERGIO GUSTAVO DE ANDRADE GRILO</logger>
  <level>FINE</level>
  <message>File 122110386-SERGIO GUSTAVO DE ANDRADE GRILO.zip was received. It was sent by SERGIO GUSTAVO DE ANDRADE GRILO from IP 150.165.42.151 at 28-07-2023 11*18*38</message>
</record>
</log>
<?xml version="1.0" encoding="UTF-8" standalone="no"?>
<!DOCTYPE log SYSTEM "logger.dtd">
<log>
<record>
  <date>2023-07-30T11:51:54.094-0300</date>
  <logger>SERGIO GUSTAVO DE ANDRADE GRILO</logger>
  <level>FINE</level>
  <message>File 122110386-SERGIO GUSTAVO DE ANDRADE GRILO.zip was received. It was sent by SERGIO GUSTAVO DE ANDRADE GRILO from IP 192.168.1.12 at 30-07-2023 11*51*54</message>
</record>
</log>
<?xml version="1.0" encoding="UTF-8" standalone="no"?>
<!DOCTYPE log SYSTEM "logger.dtd">
<log>
<record>
  <date>2023-08-03T20:07:07.247-0300</date>
  <logger>SERGIO GUSTAVO DE ANDRADE GRILO</logger>
  <level>FINE</level>
  <message>File 122110386-SERGIO GUSTAVO DE ANDRADE GRILO.zip was received. It was sent by SERGIO GUSTAVO DE ANDRADE GRILO from IP 192.168.1.12 at 03-08-2023 20*07*07</message>
</record>
</log>
<?xml version="1.0" encoding="UTF-8" standalone="no"?>
<!DOCTYPE log SYSTEM "logger.dtd">
<log>
<record>
  <date>2023-08-03T20:58:08.624-0300</date>
  <logger>SERGIO GUSTAVO DE ANDRADE GRILO</logger>
  <level>FINE</level>
  <message>File 122110386-SERGIO GUSTAVO DE ANDRADE GRILO.zip was received. It was sent by SERGIO GUSTAVO DE ANDRADE GRILO from IP 192.168.1.12 at 03-08-2023 20*58*08</message>
</record>
